<?xml version="1.0" encoding="UTF-8"?>
<!-- Generated by org.testng.reporters.JUnitXMLReporter -->
<testsuite ignored="0" hostname="LAPTOP-63MUMDGS" failures="0" tests="4" name="Test-2" time="46.337" errors="0" timestamp="2024-06-06T16:05:06 IST">
  <testcase classname="com.comast.crm.contacttest.CreateContactTest" name="createContactTest" time="13.07"/>
  <testcase classname="com.comast.crm.contacttest.CreateContactTest" name="createcontactWithsupportDateTest" time="10.583"/>
  <testcase classname="com.comcast.crm.basetest.BaseClass" name="createContact" time="0.0">
    <skipped/>
  </testcase> <!-- createContact -->
  <testcase classname="com.comcast.crm.basetest.BaseClass" name="createContactWithDate" time="0.0">
    <skipped/>
  </testcase> <!-- createContactWithDate -->
</testsuite> <!-- Test-2 -->
