<?xml version="1.0" encoding="UTF-8"?>
<!-- Generated by org.testng.reporters.JUnitReportReporter -->
<testsuite hostname="LAPTOP-63MUMDGS" failures="0" tests="1" name="com.comast.crm.orgtest.CreateOrganizationTest" time="113.368" errors="0" timestamp="2024-06-12T15:37:11 IST" skipped="0">
  <testcase classname="com.comast.crm.orgtest.CreateOrganizationTest" name="createOrgwithIndustries" time="113.368"/>
</testsuite> <!-- com.comast.crm.orgtest.CreateOrganizationTest -->
