<?xml version="1.0" encoding="UTF-8"?>
<!-- Generated by org.testng.reporters.JUnitReportReporter -->
<testsuite hostname="LAPTOP-63MUMDGS" failures="0" tests="2" name="practicetest.GetProductInfoTest2" time="31.593" errors="0" timestamp="2024-06-04T12:27:00 IST" skipped="0">
  <testcase classname="practicetest.GetProductInfoTest2" name="getProductInfoTest" time="15.126"/>
  <testcase classname="practicetest.GetProductInfoTest2" name="getProductInfoTest" time="16.467"/>
</testsuite> <!-- practicetest.GetProductInfoTest2 -->
