<?xml version="1.0" encoding="UTF-8"?>
<!-- Generated by org.testng.reporters.JUnitReportReporter -->
<testsuite hostname="LAPTOP-63MUMDGS" failures="0" tests="3" name="com.comast.crm.contacttest.CreateOrgWithPhoneNumberTest" time="36.025" errors="0" timestamp="2024-06-05T12:37:26 IST" skipped="0">
  <testcase classname="com.comast.crm.contacttest.CreateOrgWithPhoneNumberTest" name="createContactWithDate" time="8.644"/>
  <testcase classname="com.comast.crm.contacttest.CreateOrgWithPhoneNumberTest" name="createContactTest" time="18.968"/>
  <testcase classname="com.comast.crm.contacttest.CreateOrgWithPhoneNumberTest" name="createContact" time="8.413"/>
</testsuite> <!-- com.comast.crm.contacttest.CreateOrgWithPhoneNumberTest -->
