<?xml version="1.0" encoding="UTF-8"?>
<!-- Generated by org.testng.reporters.JUnitReportReporter -->
<testsuite hostname="LAPTOP-63MUMDGS" failures="0" tests="2" name="com.comcast.crm.basetest.BaseClass" time="26.213" errors="0" timestamp="2024-06-12T12:15:44 IST" skipped="0">
  <testcase classname="com.comcast.crm.basetest.BaseClass" name="createContact" time="16.403"/>
  <testcase classname="com.comcast.crm.basetest.BaseClass" name="createContactWithDate" time="9.810"/>
</testsuite> <!-- com.comcast.crm.basetest.BaseClass -->
