<?xml version="1.0" encoding="UTF-8"?>
<!-- Generated by org.testng.reporters.JUnitReportReporter -->
<testsuite hostname="LAPTOP-63MUMDGS" failures="0" tests="1" name="practicetest.GetProductInfoTest" time="19.913" errors="0" timestamp="2024-06-03T17:24:24 IST" skipped="0">
  <testcase classname="practicetest.GetProductInfoTest" name="getProductInfoTest" time="19.913"/>
</testsuite> <!-- practicetest.GetProductInfoTest -->
